<?xml version="1.0" encoding="UTF-8"?>
<!-- Generated by org.testng.reporters.JUnitReportReporter -->
<testsuite name="TestNG.testng.ClassONe" tests="1" time="0.037" ignored="0" failures="0" timestamp="15 Feb 2017 23:36:45 GMT" skipped="0" hostname="iqbal" errors="0">
  <testcase name="f" time="0.037" classname="TestNG.testng.ClassONe"/>
</testsuite> <!-- TestNG.testng.ClassONe -->
